2026-02-11 20:02:29,624 - SaveLinks - WARNING - Decryption failed: Invalid Token (Wrong Password or Corrupted Data)
2026-02-11 20:02:29,650 - SaveLinks - ERROR - Failed to add user: no such table: users
2026-02-11 20:02:29,650 - SaveLinks - ERROR - Registration failed for user 'testuser': Failed to add user.
2026-02-11 20:02:29,713 - SaveLinks - ERROR - Failed to add user: no such table: users
2026-02-11 20:02:29,713 - SaveLinks - ERROR - Registration failed for user 'user2': Failed to add user.
2026-02-11 20:02:29,739 - SaveLinks - ERROR - Failed to add user: no such table: users
2026-02-11 20:02:29,739 - SaveLinks - ERROR - Registration failed for user 'user3': Failed to add user.
2026-02-11 20:02:29,768 - SaveLinks - ERROR - Failed to add user: no such table: users
2026-02-11 20:02:29,770 - SaveLinks - ERROR - Registration failed for user 'user4': Failed to add user.
2026-02-11 20:02:29,796 - SaveLinks - ERROR - Failed to add user: no such table: users
2026-02-11 20:02:29,796 - SaveLinks - ERROR - Registration failed for user 'user5': Failed to add user.
2026-02-11 20:02:47,684 - SaveLinks - WARNING - Decryption failed: Invalid Token (Wrong Password or Corrupted Data)
2026-02-11 20:02:47,726 - SaveLinks - ERROR - Failed to add user: no such table: users
2026-02-11 20:02:47,726 - SaveLinks - ERROR - Registration failed for user 'testuser': Failed to add user.
2026-02-11 20:02:48,032 - SaveLinks - ERROR - Failed to add user: no such table: users
2026-02-11 20:02:48,032 - SaveLinks - ERROR - Registration failed for user 'user2': Failed to add user.
2026-02-11 20:02:48,113 - SaveLinks - ERROR - Failed to add user: no such table: users
2026-02-11 20:02:48,114 - SaveLinks - ERROR - Registration failed for user 'user3': Failed to add user.
2026-02-11 20:02:48,198 - SaveLinks - ERROR - Failed to add user: no such table: users
2026-02-11 20:02:48,199 - SaveLinks - ERROR - Registration failed for user 'user4': Failed to add user.
2026-02-11 20:02:48,284 - SaveLinks - ERROR - Failed to add user: no such table: users
2026-02-11 20:02:48,285 - SaveLinks - ERROR - Registration failed for user 'user5': Failed to add user.
2026-02-11 20:03:06,629 - SaveLinks - WARNING - Decryption failed: Invalid Token (Wrong Password or Corrupted Data)
2026-02-11 20:03:06,647 - SaveLinks - ERROR - Failed to add user: no such table: users
2026-02-11 20:03:06,648 - SaveLinks - ERROR - Registration failed for user 'testuser': Failed to add user.
2026-02-11 20:03:06,708 - SaveLinks - ERROR - Failed to add user: no such table: users
2026-02-11 20:03:06,709 - SaveLinks - ERROR - Registration failed for user 'user2': Failed to add user.
2026-02-11 20:03:06,732 - SaveLinks - ERROR - Failed to add user: no such table: users
2026-02-11 20:03:06,732 - SaveLinks - ERROR - Registration failed for user 'user3': Failed to add user.
2026-02-11 20:03:06,755 - SaveLinks - ERROR - Failed to add user: no such table: users
2026-02-11 20:03:06,756 - SaveLinks - ERROR - Registration failed for user 'user4': Failed to add user.
2026-02-11 20:03:06,779 - SaveLinks - ERROR - Failed to add user: no such table: users
2026-02-11 20:03:06,779 - SaveLinks - ERROR - Registration failed for user 'user5': Failed to add user.
2026-02-11 20:03:27,690 - SaveLinks - WARNING - Decryption failed: Invalid Token (Wrong Password or Corrupted Data)
2026-02-11 20:03:27,712 - SaveLinks - ERROR - Failed to add user: no such table: users
2026-02-11 20:03:27,712 - SaveLinks - ERROR - Registration failed for user 'testuser': Failed to add user.
2026-02-11 20:03:27,770 - SaveLinks - ERROR - Failed to add user: no such table: users
2026-02-11 20:03:27,770 - SaveLinks - ERROR - Registration failed for user 'user2': Failed to add user.
2026-02-11 20:03:27,796 - SaveLinks - ERROR - Failed to add user: no such table: users
2026-02-11 20:03:27,796 - SaveLinks - ERROR - Registration failed for user 'user3': Failed to add user.
2026-02-11 20:03:27,820 - SaveLinks - ERROR - Failed to add user: no such table: users
2026-02-11 20:03:27,820 - SaveLinks - ERROR - Registration failed for user 'user4': Failed to add user.
2026-02-11 20:03:27,844 - SaveLinks - ERROR - Failed to add user: no such table: users
2026-02-11 20:03:27,844 - SaveLinks - ERROR - Registration failed for user 'user5': Failed to add user.
2026-02-11 20:03:46,917 - SaveLinks - WARNING - Decryption failed: Invalid Token (Wrong Password or Corrupted Data)
2026-02-11 20:03:46,935 - SaveLinks - ERROR - Failed to add user: no such table: users
2026-02-11 20:03:46,935 - SaveLinks - ERROR - Registration failed for user 'testuser': Failed to add user.
2026-02-11 20:03:46,994 - SaveLinks - ERROR - Failed to add user: no such table: users
2026-02-11 20:03:46,994 - SaveLinks - ERROR - Registration failed for user 'user2': Failed to add user.
2026-02-11 20:03:47,019 - SaveLinks - ERROR - Failed to add user: no such table: users
2026-02-11 20:03:47,019 - SaveLinks - ERROR - Registration failed for user 'user3': Failed to add user.
2026-02-11 20:03:47,043 - SaveLinks - ERROR - Failed to add user: no such table: users
2026-02-11 20:03:47,043 - SaveLinks - ERROR - Registration failed for user 'user4': Failed to add user.
2026-02-11 20:03:47,067 - SaveLinks - ERROR - Failed to add user: no such table: users
2026-02-11 20:03:47,068 - SaveLinks - ERROR - Registration failed for user 'user5': Failed to add user.
2026-02-11 20:03:53,875 - SaveLinks - ERROR - Failed to add user: no such table: users
2026-02-11 20:03:53,875 - SaveLinks - ERROR - Registration failed for user 'testuser': Failed to add user.
2026-02-11 20:03:53,933 - SaveLinks - ERROR - Failed to add user: no such table: users
2026-02-11 20:03:53,933 - SaveLinks - ERROR - Registration failed for user 'user2': Failed to add user.
2026-02-11 20:03:53,958 - SaveLinks - ERROR - Failed to add user: no such table: users
2026-02-11 20:03:53,958 - SaveLinks - ERROR - Registration failed for user 'user3': Failed to add user.
2026-02-11 20:03:53,981 - SaveLinks - ERROR - Failed to add user: no such table: users
2026-02-11 20:03:53,982 - SaveLinks - ERROR - Registration failed for user 'user4': Failed to add user.
2026-02-11 20:03:54,005 - SaveLinks - ERROR - Failed to add user: no such table: users
2026-02-11 20:03:54,006 - SaveLinks - ERROR - Registration failed for user 'user5': Failed to add user.
2026-02-11 20:04:04,802 - SaveLinks - WARNING - Decryption failed: Invalid Token (Wrong Password or Corrupted Data)
2026-02-11 20:04:04,820 - SaveLinks - ERROR - Failed to add user: no such table: users
2026-02-11 20:04:04,821 - SaveLinks - ERROR - Registration failed for user 'testuser': Failed to add user.
2026-02-11 20:04:04,878 - SaveLinks - ERROR - Failed to add user: no such table: users
2026-02-11 20:04:04,878 - SaveLinks - ERROR - Registration failed for user 'user2': Failed to add user.
2026-02-11 20:04:04,905 - SaveLinks - ERROR - Failed to add user: no such table: users
2026-02-11 20:04:04,905 - SaveLinks - ERROR - Registration failed for user 'user3': Failed to add user.
2026-02-11 20:04:04,930 - SaveLinks - ERROR - Failed to add user: no such table: users
2026-02-11 20:04:04,930 - SaveLinks - ERROR - Registration failed for user 'user4': Failed to add user.
2026-02-11 20:04:04,954 - SaveLinks - ERROR - Failed to add user: no such table: users
2026-02-11 20:04:04,954 - SaveLinks - ERROR - Registration failed for user 'user5': Failed to add user.
2026-02-11 20:05:55,599 - SaveLinks - WARNING - Decryption failed: Invalid Token (Wrong Password or Corrupted Data)
2026-02-11 20:05:55,618 - SaveLinks - INFO - User 'testuser' registered successfully.
2026-02-11 20:05:55,636 - SaveLinks - INFO - User 'testuser' logged in successfully.
2026-02-11 20:05:55,653 - SaveLinks - INFO - User 'user2' registered successfully.
2026-02-11 20:05:55,670 - SaveLinks - WARNING - Failed login attempt for user 'user2'
2026-02-11 20:05:55,688 - SaveLinks - INFO - User 'user3' registered successfully.
2026-02-11 20:05:55,704 - SaveLinks - INFO - User 'user3' logged in successfully.
2026-02-11 20:05:55,705 - SaveLinks - INFO - Link added for user 1
2026-02-11 20:05:55,724 - SaveLinks - INFO - User 'user4' registered successfully.
2026-02-11 20:05:55,740 - SaveLinks - INFO - User 'user4' logged in successfully.
2026-02-11 20:05:55,759 - SaveLinks - INFO - User 'user5' registered successfully.
2026-02-11 20:05:55,775 - SaveLinks - INFO - User 'user5' logged in successfully.
2026-02-11 20:05:55,775 - SaveLinks - INFO - Link added for user 1
2026-02-11 20:05:55,775 - SaveLinks - INFO - Link 1 deleted for user 1
2026-02-11 20:07:45,229 - SaveLinks - INFO - User 'ahvcxa' registered successfully.
2026-02-11 20:08:04,538 - SaveLinks - INFO - User 'ahvcxa' logged in successfully.
2026-02-11 20:08:28,546 - SaveLinks - INFO - Link added for user 1
